<?xml version="1.0" encoding="UTF-8"?>
<!-- Generated by org.testng.reporters.JUnitReportReporter -->
<testsuite name="com.scenarios.Scenario1_AccountValidation" tests="1" time="40.581" ignored="0" failures="0" timestamp="08 Dec 2016 23:09:38 GMT" skipped="0" hostname="DESKTOP-61MH6G5" errors="0">
  <testcase name="AccountSummaryValidation" time="40.581" classname="com.scenarios.Scenario1_AccountValidation"/>
</testsuite> <!-- com.scenarios.Scenario1_AccountValidation -->
