<?xml version="1.0" encoding="UTF-8"?>
<!-- Generated by org.testng.reporters.JUnitReportReporter -->
<testsuite name="com.driverPackage.driverSetUp" tests="1" time="27.809" ignored="0" failures="0" timestamp="08 Dec 2016 11:04:22 GMT" skipped="0" hostname="DESKTOP-61MH6G5" errors="0">
  <testcase name="display" time="27.809" classname="com.driverPackage.driverSetUp"/>
</testsuite> <!-- com.driverPackage.driverSetUp -->
