<?xml version="1.0" encoding="UTF-8"?>
<!-- Generated by org.testng.reporters.JUnitReportReporter -->
<testsuite name="com.scenarios.Loginpage" tests="1" time="17.735" ignored="0" failures="0" timestamp="08 Dec 2016 11:12:27 GMT" skipped="0" hostname="DESKTOP-61MH6G5" errors="0">
  <testcase name="display" time="17.735" classname="com.scenarios.Loginpage"/>
</testsuite> <!-- com.scenarios.Loginpage -->
